<?xml version="1.0" encoding="UTF-8"?>
<testsuites name="TS001" time="567.611" tests="15" failures="0" skips="0" errors="0">
   <testsuite name="TS001" tests="15" failures="0" errors="0" time="567.611" skips="0" timestamp="2021-03-27 18:00:26" hostname="Fioni - DESKTOP-RP318JO" id="Test Suites/TS001">
      <properties>
         <property name="deviceName" value=""/>
         <property name="devicePlatform" value=""/>
         <property name="logFolder" value="C:\\Users\\Fioni\\git\\Jojonomic-QA-Automation-Test\\Reports\\20210327_180021\\TS001\\20210327_180021"/>
         <property name="logFiles" value="C:\\Users\\Fioni\\git\\Jojonomic-QA-Automation-Test\\Reports\\20210327_180021\\TS001\\20210327_180021\\execution0.log"/>
         <property name="attachments" value=""/>
         <property name="hostName" value="Fioni - DESKTOP-RP318JO"/>
         <property name="os" value="Windows 10 64bit"/>
         <property name="katalonVersion" value="7.9.1.208"/>
         <property name="browser" value="Chrome 89.0.4389.90"/>
         <property name="hostAddress" value="192.168.43.246"/>
         <property name="sessionId" value="dd50d595596b075a8818ea3a70ca5175"/>
         <property name="seleniumVersion" value="3.141.59"/>
         <property name="proxyInformation" value="ProxyInformation { proxyOption=NO_PROXY, proxyServerType=HTTP, username=, password=********, proxyServerAddress=, proxyServerPort=0, executionList=&quot;&quot;, isApplyToDesiredCapabilities=true }"/>
         <property name="platform" value="Windows 10"/>
      </properties>
      <testcase name="Test Cases/TC002" time="30.132" classname="Test Cases/TC002" status="PASSED">
         <system-out><![CDATA[2021-03-27 18:00:28 - [TEST_CASE][PASSED] - Test Cases/TC002: Test Cases/TC002

2021-03-27 18:00:29 - [TEST_STEP][PASSED] - openBrowser(""): Browser is opened with url: ''

2021-03-27 18:00:29 - [MESSAGE][INFO] - Starting 'Chrome' driver

2021-03-27 18:00:29 - [MESSAGE][INFO] - Action delay is set to 0 milliseconds

2021-03-27 18:00:32 - [MESSAGE][PASSED] - Browser is opened with url: ''

2021-03-27 18:00:32 - [TEST_STEP][PASSED] - maximizeWindow(): Current window maximized

2021-03-27 18:00:32 - [MESSAGE][PASSED] - Current window maximized

2021-03-27 18:00:32 - [TEST_STEP][PASSED] - navigateToUrl("https://www.service.nsw.gov.au/"): Navigate to 'https://www.service.nsw.gov.au/' successfully

2021-03-27 18:00:35 - [MESSAGE][PASSED] - Navigate to 'https://www.service.nsw.gov.au/' successfully

2021-03-27 18:00:35 - [TEST_STEP][PASSED] - click(findTestObject("Service NSW Object/input_Service NSW makes it easier to find government information and services_q")): Object: 'Object Repository/Service NSW Object/input_Service NSW makes it easier to find government information and services_q' is clicked on

2021-03-27 18:00:36 - [MESSAGE][PASSED] - Object: 'Object Repository/Service NSW Object/input_Service NSW makes it easier to find government information and services_q' is clicked on

2021-03-27 18:00:36 - [TEST_STEP][PASSED] - setText(findTestObject("Service NSW Object/input_Service NSW makes it easier to find government information and services_q"), "Apply for a number plate"): Text 'Apply for a number plate' is set on object 'Object Repository/Service NSW Object/input_Service NSW makes it easier to find government information and services_q'

2021-03-27 18:00:39 - [MESSAGE][PASSED] - Text 'Apply for a number plate' is set on object 'Object Repository/Service NSW Object/input_Service NSW makes it easier to find government information and services_q'

2021-03-27 18:00:39 - [TEST_STEP][PASSED] - click(findTestObject("Service NSW Object/button_apply for a number plate_button button--primary")): Object: 'Object Repository/Service NSW Object/button_apply for a number plate_button button--primary' is clicked on

2021-03-27 18:00:44 - [MESSAGE][PASSED] - Object: 'Object Repository/Service NSW Object/button_apply for a number plate_button button--primary' is clicked on

2021-03-27 18:00:44 - [TEST_STEP][PASSED] - scrollToElement(findTestObject("Service NSW Object/div_87 results found"), 0): Scroll to object 'Object Repository/Service NSW Object/div_87 results found' successfully

2021-03-27 18:00:44 - [MESSAGE][WARNING] - Timeout '0' is invalid. Using default page load timeout: '30'

2021-03-27 18:00:45 - [MESSAGE][PASSED] - Scroll to object 'Object Repository/Service NSW Object/div_87 results found' successfully

2021-03-27 18:00:45 - [TEST_STEP][PASSED] - click(findTestObject("Service NSW Object/a_Apply for a number plate")): Object: 'Object Repository/Service NSW Object/a_Apply for a number plate' is clicked on

2021-03-27 18:00:48 - [MESSAGE][PASSED] - Object: 'Object Repository/Service NSW Object/a_Apply for a number plate' is clicked on

2021-03-27 18:00:48 - [TEST_STEP][PASSED] - click(findTestObject("Object Repository/Service NSW Object/a_Find locations")): Object: 'Object Repository/Service NSW Object/a_Find locations' is clicked on

2021-03-27 18:00:50 - [MESSAGE][PASSED] - Object: 'Object Repository/Service NSW Object/a_Find locations' is clicked on

2021-03-27 18:00:50 - [TEST_STEP][PASSED] - scrollToElement(findTestObject("Service NSW Object/div_search by suburb"), 0): Scroll to object 'Object Repository/Service NSW Object/div_search by suburb' successfully

2021-03-27 18:00:50 - [MESSAGE][WARNING] - Timeout '0' is invalid. Using default page load timeout: '30'

2021-03-27 18:00:53 - [MESSAGE][PASSED] - Scroll to object 'Object Repository/Service NSW Object/div_search by suburb' successfully

2021-03-27 18:00:53 - [TEST_STEP][PASSED] - setText(findTestObject("Object Repository/Service NSW Object/input_Search by suburb, postcode or current_d530bf"), suburb): Text 'Adamstown 2289' is set on object 'Object Repository/Service NSW Object/input_Search by suburb, postcode or current_d530bf'

2021-03-27 18:00:54 - [MESSAGE][PASSED] - Text 'Adamstown 2289' is set on object 'Object Repository/Service NSW Object/input_Search by suburb, postcode or current_d530bf'

2021-03-27 18:00:54 - [TEST_STEP][PASSED] - click(findTestObject("Object Repository/Service NSW Object/button_Sydney South 2000_button button--pri_c5c898")): Object: 'Object Repository/Service NSW Object/button_Sydney South 2000_button button--pri_c5c898' is clicked on

2021-03-27 18:00:55 - [MESSAGE][PASSED] - Object: 'Object Repository/Service NSW Object/button_Sydney South 2000_button button--pri_c5c898' is clicked on

2021-03-27 18:00:55 - [TEST_STEP][PASSED] - click(findTestObject("Object Repository/Service NSW Object/button_Service Centres")): Object: 'Object Repository/Service NSW Object/button_Service Centres' is clicked on

2021-03-27 18:00:57 - [MESSAGE][PASSED] - Object: 'Object Repository/Service NSW Object/button_Service Centres' is clicked on

2021-03-27 18:00:57 - [TEST_STEP][PASSED] - scrollToElement(findTestObject("Service NSW Object/h2_Service NSW locations"), 0): Scroll to object 'Object Repository/Service NSW Object/h2_Service NSW locations' successfully

2021-03-27 18:00:58 - [MESSAGE][WARNING] - Timeout '0' is invalid. Using default page load timeout: '30'

2021-03-27 18:00:58 - [MESSAGE][PASSED] - Scroll to object 'Object Repository/Service NSW Object/h2_Service NSW locations' successfully]]></system-out>
         <system-err><![CDATA[]]></system-err>
      </testcase>
      <testcase name="Test Cases/TC002" time="28.023" classname="Test Cases/TC002" status="PASSED">
         <system-out><![CDATA[2021-03-27 18:00:58 - [TEST_CASE][PASSED] - Test Cases/TC002: Test Cases/TC002

2021-03-27 18:00:58 - [TEST_STEP][PASSED] - openBrowser(""): Browser is opened with url: ''

2021-03-27 18:00:58 - [MESSAGE][WARNING] - A browser is already opened. Closing browser and opening a new one

2021-03-27 18:00:59 - [MESSAGE][INFO] - Starting 'Chrome' driver

2021-03-27 18:00:59 - [MESSAGE][INFO] - Action delay is set to 0 milliseconds

2021-03-27 18:01:01 - [MESSAGE][PASSED] - Browser is opened with url: ''

2021-03-27 18:01:01 - [TEST_STEP][PASSED] - maximizeWindow(): Current window maximized

2021-03-27 18:01:01 - [MESSAGE][PASSED] - Current window maximized

2021-03-27 18:01:01 - [TEST_STEP][PASSED] - navigateToUrl("https://www.service.nsw.gov.au/"): Navigate to 'https://www.service.nsw.gov.au/' successfully

2021-03-27 18:01:05 - [MESSAGE][PASSED] - Navigate to 'https://www.service.nsw.gov.au/' successfully

2021-03-27 18:01:05 - [TEST_STEP][PASSED] - click(findTestObject("Service NSW Object/input_Service NSW makes it easier to find government information and services_q")): Object: 'Object Repository/Service NSW Object/input_Service NSW makes it easier to find government information and services_q' is clicked on

2021-03-27 18:01:06 - [MESSAGE][PASSED] - Object: 'Object Repository/Service NSW Object/input_Service NSW makes it easier to find government information and services_q' is clicked on

2021-03-27 18:01:06 - [TEST_STEP][PASSED] - setText(findTestObject("Service NSW Object/input_Service NSW makes it easier to find government information and services_q"), "Apply for a number plate"): Text 'Apply for a number plate' is set on object 'Object Repository/Service NSW Object/input_Service NSW makes it easier to find government information and services_q'

2021-03-27 18:01:08 - [MESSAGE][PASSED] - Text 'Apply for a number plate' is set on object 'Object Repository/Service NSW Object/input_Service NSW makes it easier to find government information and services_q'

2021-03-27 18:01:08 - [TEST_STEP][PASSED] - click(findTestObject("Service NSW Object/button_apply for a number plate_button button--primary")): Object: 'Object Repository/Service NSW Object/button_apply for a number plate_button button--primary' is clicked on

2021-03-27 18:01:12 - [MESSAGE][PASSED] - Object: 'Object Repository/Service NSW Object/button_apply for a number plate_button button--primary' is clicked on

2021-03-27 18:01:12 - [TEST_STEP][PASSED] - scrollToElement(findTestObject("Service NSW Object/div_87 results found"), 0): Scroll to object 'Object Repository/Service NSW Object/div_87 results found' successfully

2021-03-27 18:01:12 - [MESSAGE][WARNING] - Timeout '0' is invalid. Using default page load timeout: '30'

2021-03-27 18:01:12 - [MESSAGE][PASSED] - Scroll to object 'Object Repository/Service NSW Object/div_87 results found' successfully

2021-03-27 18:01:12 - [TEST_STEP][PASSED] - click(findTestObject("Service NSW Object/a_Apply for a number plate")): Object: 'Object Repository/Service NSW Object/a_Apply for a number plate' is clicked on

2021-03-27 18:01:16 - [MESSAGE][PASSED] - Object: 'Object Repository/Service NSW Object/a_Apply for a number plate' is clicked on

2021-03-27 18:01:16 - [TEST_STEP][PASSED] - click(findTestObject("Object Repository/Service NSW Object/a_Find locations")): Object: 'Object Repository/Service NSW Object/a_Find locations' is clicked on

2021-03-27 18:01:19 - [MESSAGE][PASSED] - Object: 'Object Repository/Service NSW Object/a_Find locations' is clicked on

2021-03-27 18:01:19 - [TEST_STEP][PASSED] - scrollToElement(findTestObject("Service NSW Object/div_search by suburb"), 0): Scroll to object 'Object Repository/Service NSW Object/div_search by suburb' successfully

2021-03-27 18:01:19 - [MESSAGE][WARNING] - Timeout '0' is invalid. Using default page load timeout: '30'

2021-03-27 18:01:22 - [MESSAGE][PASSED] - Scroll to object 'Object Repository/Service NSW Object/div_search by suburb' successfully

2021-03-27 18:01:22 - [TEST_STEP][PASSED] - setText(findTestObject("Object Repository/Service NSW Object/input_Search by suburb, postcode or current_d530bf"), suburb): Text 'Arcadia 2159' is set on object 'Object Repository/Service NSW Object/input_Search by suburb, postcode or current_d530bf'

2021-03-27 18:01:23 - [MESSAGE][PASSED] - Text 'Arcadia 2159' is set on object 'Object Repository/Service NSW Object/input_Search by suburb, postcode or current_d530bf'

2021-03-27 18:01:23 - [TEST_STEP][PASSED] - click(findTestObject("Object Repository/Service NSW Object/button_Sydney South 2000_button button--pri_c5c898")): Object: 'Object Repository/Service NSW Object/button_Sydney South 2000_button button--pri_c5c898' is clicked on

2021-03-27 18:01:23 - [MESSAGE][PASSED] - Object: 'Object Repository/Service NSW Object/button_Sydney South 2000_button button--pri_c5c898' is clicked on

2021-03-27 18:01:23 - [TEST_STEP][PASSED] - click(findTestObject("Object Repository/Service NSW Object/button_Service Centres")): Object: 'Object Repository/Service NSW Object/button_Service Centres' is clicked on

2021-03-27 18:01:25 - [MESSAGE][PASSED] - Object: 'Object Repository/Service NSW Object/button_Service Centres' is clicked on

2021-03-27 18:01:25 - [TEST_STEP][PASSED] - scrollToElement(findTestObject("Service NSW Object/h2_Service NSW locations"), 0): Scroll to object 'Object Repository/Service NSW Object/h2_Service NSW locations' successfully

2021-03-27 18:01:25 - [MESSAGE][WARNING] - Timeout '0' is invalid. Using default page load timeout: '30'

2021-03-27 18:01:26 - [MESSAGE][PASSED] - Scroll to object 'Object Repository/Service NSW Object/h2_Service NSW locations' successfully]]></system-out>
         <system-err><![CDATA[]]></system-err>
      </testcase>
      <testcase name="Test Cases/TC002" time="29.69" classname="Test Cases/TC002" status="PASSED">
         <system-out><![CDATA[2021-03-27 18:01:26 - [TEST_CASE][PASSED] - Test Cases/TC002: Test Cases/TC002

2021-03-27 18:01:26 - [TEST_STEP][PASSED] - openBrowser(""): Browser is opened with url: ''

2021-03-27 18:01:26 - [MESSAGE][WARNING] - A browser is already opened. Closing browser and opening a new one

2021-03-27 18:01:27 - [MESSAGE][INFO] - Starting 'Chrome' driver

2021-03-27 18:01:27 - [MESSAGE][INFO] - Action delay is set to 0 milliseconds

2021-03-27 18:01:29 - [MESSAGE][PASSED] - Browser is opened with url: ''

2021-03-27 18:01:29 - [TEST_STEP][PASSED] - maximizeWindow(): Current window maximized

2021-03-27 18:01:29 - [MESSAGE][PASSED] - Current window maximized

2021-03-27 18:01:29 - [TEST_STEP][PASSED] - navigateToUrl("https://www.service.nsw.gov.au/"): Navigate to 'https://www.service.nsw.gov.au/' successfully

2021-03-27 18:01:35 - [MESSAGE][PASSED] - Navigate to 'https://www.service.nsw.gov.au/' successfully

2021-03-27 18:01:35 - [TEST_STEP][PASSED] - click(findTestObject("Service NSW Object/input_Service NSW makes it easier to find government information and services_q")): Object: 'Object Repository/Service NSW Object/input_Service NSW makes it easier to find government information and services_q' is clicked on

2021-03-27 18:01:36 - [MESSAGE][PASSED] - Object: 'Object Repository/Service NSW Object/input_Service NSW makes it easier to find government information and services_q' is clicked on

2021-03-27 18:01:36 - [TEST_STEP][PASSED] - setText(findTestObject("Service NSW Object/input_Service NSW makes it easier to find government information and services_q"), "Apply for a number plate"): Text 'Apply for a number plate' is set on object 'Object Repository/Service NSW Object/input_Service NSW makes it easier to find government information and services_q'

2021-03-27 18:01:38 - [MESSAGE][PASSED] - Text 'Apply for a number plate' is set on object 'Object Repository/Service NSW Object/input_Service NSW makes it easier to find government information and services_q'

2021-03-27 18:01:38 - [TEST_STEP][PASSED] - click(findTestObject("Service NSW Object/button_apply for a number plate_button button--primary")): Object: 'Object Repository/Service NSW Object/button_apply for a number plate_button button--primary' is clicked on

2021-03-27 18:01:42 - [MESSAGE][PASSED] - Object: 'Object Repository/Service NSW Object/button_apply for a number plate_button button--primary' is clicked on

2021-03-27 18:01:42 - [TEST_STEP][PASSED] - scrollToElement(findTestObject("Service NSW Object/div_87 results found"), 0): Scroll to object 'Object Repository/Service NSW Object/div_87 results found' successfully

2021-03-27 18:01:42 - [MESSAGE][WARNING] - Timeout '0' is invalid. Using default page load timeout: '30'

2021-03-27 18:01:43 - [MESSAGE][PASSED] - Scroll to object 'Object Repository/Service NSW Object/div_87 results found' successfully

2021-03-27 18:01:43 - [TEST_STEP][PASSED] - click(findTestObject("Service NSW Object/a_Apply for a number plate")): Object: 'Object Repository/Service NSW Object/a_Apply for a number plate' is clicked on

2021-03-27 18:01:46 - [MESSAGE][PASSED] - Object: 'Object Repository/Service NSW Object/a_Apply for a number plate' is clicked on

2021-03-27 18:01:46 - [TEST_STEP][PASSED] - click(findTestObject("Object Repository/Service NSW Object/a_Find locations")): Object: 'Object Repository/Service NSW Object/a_Find locations' is clicked on

2021-03-27 18:01:49 - [MESSAGE][PASSED] - Object: 'Object Repository/Service NSW Object/a_Find locations' is clicked on

2021-03-27 18:01:49 - [TEST_STEP][PASSED] - scrollToElement(findTestObject("Service NSW Object/div_search by suburb"), 0): Scroll to object 'Object Repository/Service NSW Object/div_search by suburb' successfully

2021-03-27 18:01:49 - [MESSAGE][WARNING] - Timeout '0' is invalid. Using default page load timeout: '30'

2021-03-27 18:01:51 - [MESSAGE][PASSED] - Scroll to object 'Object Repository/Service NSW Object/div_search by suburb' successfully

2021-03-27 18:01:51 - [TEST_STEP][PASSED] - setText(findTestObject("Object Repository/Service NSW Object/input_Search by suburb, postcode or current_d530bf"), suburb): Text 'Padstow 2211' is set on object 'Object Repository/Service NSW Object/input_Search by suburb, postcode or current_d530bf'

2021-03-27 18:01:52 - [MESSAGE][PASSED] - Text 'Padstow 2211' is set on object 'Object Repository/Service NSW Object/input_Search by suburb, postcode or current_d530bf'

2021-03-27 18:01:52 - [TEST_STEP][PASSED] - click(findTestObject("Object Repository/Service NSW Object/button_Sydney South 2000_button button--pri_c5c898")): Object: 'Object Repository/Service NSW Object/button_Sydney South 2000_button button--pri_c5c898' is clicked on

2021-03-27 18:01:53 - [MESSAGE][PASSED] - Object: 'Object Repository/Service NSW Object/button_Sydney South 2000_button button--pri_c5c898' is clicked on

2021-03-27 18:01:53 - [TEST_STEP][PASSED] - click(findTestObject("Object Repository/Service NSW Object/button_Service Centres")): Object: 'Object Repository/Service NSW Object/button_Service Centres' is clicked on

2021-03-27 18:01:55 - [MESSAGE][PASSED] - Object: 'Object Repository/Service NSW Object/button_Service Centres' is clicked on

2021-03-27 18:01:55 - [TEST_STEP][PASSED] - scrollToElement(findTestObject("Service NSW Object/h2_Service NSW locations"), 0): Scroll to object 'Object Repository/Service NSW Object/h2_Service NSW locations' successfully

2021-03-27 18:01:56 - [MESSAGE][WARNING] - Timeout '0' is invalid. Using default page load timeout: '30'

2021-03-27 18:01:56 - [MESSAGE][PASSED] - Scroll to object 'Object Repository/Service NSW Object/h2_Service NSW locations' successfully]]></system-out>
         <system-err><![CDATA[]]></system-err>
      </testcase>
      <testcase name="Test Cases/TC002" time="23.669" classname="Test Cases/TC002" status="PASSED">
         <system-out><![CDATA[2021-03-27 18:01:56 - [TEST_CASE][PASSED] - Test Cases/TC002: Test Cases/TC002

2021-03-27 18:01:56 - [TEST_STEP][PASSED] - openBrowser(""): Browser is opened with url: ''

2021-03-27 18:01:56 - [MESSAGE][WARNING] - A browser is already opened. Closing browser and opening a new one

2021-03-27 18:01:57 - [MESSAGE][INFO] - Starting 'Chrome' driver

2021-03-27 18:01:57 - [MESSAGE][INFO] - Action delay is set to 0 milliseconds

2021-03-27 18:01:59 - [MESSAGE][PASSED] - Browser is opened with url: ''

2021-03-27 18:01:59 - [TEST_STEP][PASSED] - maximizeWindow(): Current window maximized

2021-03-27 18:01:59 - [MESSAGE][PASSED] - Current window maximized

2021-03-27 18:01:59 - [TEST_STEP][PASSED] - navigateToUrl("https://www.service.nsw.gov.au/"): Navigate to 'https://www.service.nsw.gov.au/' successfully

2021-03-27 18:02:02 - [MESSAGE][PASSED] - Navigate to 'https://www.service.nsw.gov.au/' successfully

2021-03-27 18:02:02 - [TEST_STEP][PASSED] - click(findTestObject("Service NSW Object/input_Service NSW makes it easier to find government information and services_q")): Object: 'Object Repository/Service NSW Object/input_Service NSW makes it easier to find government information and services_q' is clicked on

2021-03-27 18:02:03 - [MESSAGE][PASSED] - Object: 'Object Repository/Service NSW Object/input_Service NSW makes it easier to find government information and services_q' is clicked on

2021-03-27 18:02:03 - [TEST_STEP][PASSED] - setText(findTestObject("Service NSW Object/input_Service NSW makes it easier to find government information and services_q"), "Apply for a number plate"): Text 'Apply for a number plate' is set on object 'Object Repository/Service NSW Object/input_Service NSW makes it easier to find government information and services_q'

2021-03-27 18:02:04 - [MESSAGE][PASSED] - Text 'Apply for a number plate' is set on object 'Object Repository/Service NSW Object/input_Service NSW makes it easier to find government information and services_q'

2021-03-27 18:02:04 - [TEST_STEP][PASSED] - click(findTestObject("Service NSW Object/button_apply for a number plate_button button--primary")): Object: 'Object Repository/Service NSW Object/button_apply for a number plate_button button--primary' is clicked on

2021-03-27 18:02:07 - [MESSAGE][PASSED] - Object: 'Object Repository/Service NSW Object/button_apply for a number plate_button button--primary' is clicked on

2021-03-27 18:02:07 - [TEST_STEP][PASSED] - scrollToElement(findTestObject("Service NSW Object/div_87 results found"), 0): Scroll to object 'Object Repository/Service NSW Object/div_87 results found' successfully

2021-03-27 18:02:07 - [MESSAGE][WARNING] - Timeout '0' is invalid. Using default page load timeout: '30'

2021-03-27 18:02:07 - [MESSAGE][PASSED] - Scroll to object 'Object Repository/Service NSW Object/div_87 results found' successfully

2021-03-27 18:02:07 - [TEST_STEP][PASSED] - click(findTestObject("Service NSW Object/a_Apply for a number plate")): Object: 'Object Repository/Service NSW Object/a_Apply for a number plate' is clicked on

2021-03-27 18:02:11 - [MESSAGE][PASSED] - Object: 'Object Repository/Service NSW Object/a_Apply for a number plate' is clicked on

2021-03-27 18:02:11 - [TEST_STEP][PASSED] - click(findTestObject("Object Repository/Service NSW Object/a_Find locations")): Object: 'Object Repository/Service NSW Object/a_Find locations' is clicked on

2021-03-27 18:02:12 - [MESSAGE][PASSED] - Object: 'Object Repository/Service NSW Object/a_Find locations' is clicked on

2021-03-27 18:02:12 - [TEST_STEP][PASSED] - scrollToElement(findTestObject("Service NSW Object/div_search by suburb"), 0): Scroll to object 'Object Repository/Service NSW Object/div_search by suburb' successfully

2021-03-27 18:02:13 - [MESSAGE][WARNING] - Timeout '0' is invalid. Using default page load timeout: '30'

2021-03-27 18:02:16 - [MESSAGE][PASSED] - Scroll to object 'Object Repository/Service NSW Object/div_search by suburb' successfully

2021-03-27 18:02:16 - [TEST_STEP][PASSED] - setText(findTestObject("Object Repository/Service NSW Object/input_Search by suburb, postcode or current_d530bf"), suburb): Text 'Wadalba 2259' is set on object 'Object Repository/Service NSW Object/input_Search by suburb, postcode or current_d530bf'

2021-03-27 18:02:17 - [MESSAGE][PASSED] - Text 'Wadalba 2259' is set on object 'Object Repository/Service NSW Object/input_Search by suburb, postcode or current_d530bf'

2021-03-27 18:02:17 - [TEST_STEP][PASSED] - click(findTestObject("Object Repository/Service NSW Object/button_Sydney South 2000_button button--pri_c5c898")): Object: 'Object Repository/Service NSW Object/button_Sydney South 2000_button button--pri_c5c898' is clicked on

2021-03-27 18:02:17 - [MESSAGE][PASSED] - Object: 'Object Repository/Service NSW Object/button_Sydney South 2000_button button--pri_c5c898' is clicked on

2021-03-27 18:02:17 - [TEST_STEP][PASSED] - click(findTestObject("Object Repository/Service NSW Object/button_Service Centres")): Object: 'Object Repository/Service NSW Object/button_Service Centres' is clicked on

2021-03-27 18:02:19 - [MESSAGE][PASSED] - Object: 'Object Repository/Service NSW Object/button_Service Centres' is clicked on

2021-03-27 18:02:19 - [TEST_STEP][PASSED] - scrollToElement(findTestObject("Service NSW Object/h2_Service NSW locations"), 0): Scroll to object 'Object Repository/Service NSW Object/h2_Service NSW locations' successfully

2021-03-27 18:02:19 - [MESSAGE][WARNING] - Timeout '0' is invalid. Using default page load timeout: '30'

2021-03-27 18:02:20 - [MESSAGE][PASSED] - Scroll to object 'Object Repository/Service NSW Object/h2_Service NSW locations' successfully]]></system-out>
         <system-err><![CDATA[]]></system-err>
      </testcase>
      <testcase name="Test Cases/TC002" time="26.689" classname="Test Cases/TC002" status="PASSED">
         <system-out><![CDATA[2021-03-27 18:02:20 - [TEST_CASE][PASSED] - Test Cases/TC002: Test Cases/TC002

2021-03-27 18:02:20 - [TEST_STEP][PASSED] - openBrowser(""): Browser is opened with url: ''

2021-03-27 18:02:20 - [MESSAGE][WARNING] - A browser is already opened. Closing browser and opening a new one

2021-03-27 18:02:21 - [MESSAGE][INFO] - Starting 'Chrome' driver

2021-03-27 18:02:21 - [MESSAGE][INFO] - Action delay is set to 0 milliseconds

2021-03-27 18:02:22 - [MESSAGE][PASSED] - Browser is opened with url: ''

2021-03-27 18:02:22 - [TEST_STEP][PASSED] - maximizeWindow(): Current window maximized

2021-03-27 18:02:22 - [MESSAGE][PASSED] - Current window maximized

2021-03-27 18:02:22 - [TEST_STEP][PASSED] - navigateToUrl("https://www.service.nsw.gov.au/"): Navigate to 'https://www.service.nsw.gov.au/' successfully

2021-03-27 18:02:25 - [MESSAGE][PASSED] - Navigate to 'https://www.service.nsw.gov.au/' successfully

2021-03-27 18:02:25 - [TEST_STEP][PASSED] - click(findTestObject("Service NSW Object/input_Service NSW makes it easier to find government information and services_q")): Object: 'Object Repository/Service NSW Object/input_Service NSW makes it easier to find government information and services_q' is clicked on

2021-03-27 18:02:27 - [MESSAGE][PASSED] - Object: 'Object Repository/Service NSW Object/input_Service NSW makes it easier to find government information and services_q' is clicked on

2021-03-27 18:02:27 - [TEST_STEP][PASSED] - setText(findTestObject("Service NSW Object/input_Service NSW makes it easier to find government information and services_q"), "Apply for a number plate"): Text 'Apply for a number plate' is set on object 'Object Repository/Service NSW Object/input_Service NSW makes it easier to find government information and services_q'

2021-03-27 18:02:28 - [MESSAGE][PASSED] - Text 'Apply for a number plate' is set on object 'Object Repository/Service NSW Object/input_Service NSW makes it easier to find government information and services_q'

2021-03-27 18:02:28 - [TEST_STEP][PASSED] - click(findTestObject("Service NSW Object/button_apply for a number plate_button button--primary")): Object: 'Object Repository/Service NSW Object/button_apply for a number plate_button button--primary' is clicked on

2021-03-27 18:02:32 - [MESSAGE][PASSED] - Object: 'Object Repository/Service NSW Object/button_apply for a number plate_button button--primary' is clicked on

2021-03-27 18:02:32 - [TEST_STEP][PASSED] - scrollToElement(findTestObject("Service NSW Object/div_87 results found"), 0): Scroll to object 'Object Repository/Service NSW Object/div_87 results found' successfully

2021-03-27 18:02:32 - [MESSAGE][WARNING] - Timeout '0' is invalid. Using default page load timeout: '30'

2021-03-27 18:02:33 - [MESSAGE][PASSED] - Scroll to object 'Object Repository/Service NSW Object/div_87 results found' successfully

2021-03-27 18:02:33 - [TEST_STEP][PASSED] - click(findTestObject("Service NSW Object/a_Apply for a number plate")): Object: 'Object Repository/Service NSW Object/a_Apply for a number plate' is clicked on

2021-03-27 18:02:36 - [MESSAGE][PASSED] - Object: 'Object Repository/Service NSW Object/a_Apply for a number plate' is clicked on

2021-03-27 18:02:36 - [TEST_STEP][PASSED] - click(findTestObject("Object Repository/Service NSW Object/a_Find locations")): Object: 'Object Repository/Service NSW Object/a_Find locations' is clicked on

2021-03-27 18:02:39 - [MESSAGE][PASSED] - Object: 'Object Repository/Service NSW Object/a_Find locations' is clicked on

2021-03-27 18:02:39 - [TEST_STEP][PASSED] - scrollToElement(findTestObject("Service NSW Object/div_search by suburb"), 0): Scroll to object 'Object Repository/Service NSW Object/div_search by suburb' successfully

2021-03-27 18:02:39 - [MESSAGE][WARNING] - Timeout '0' is invalid. Using default page load timeout: '30'

2021-03-27 18:02:42 - [MESSAGE][PASSED] - Scroll to object 'Object Repository/Service NSW Object/div_search by suburb' successfully

2021-03-27 18:02:42 - [TEST_STEP][PASSED] - setText(findTestObject("Object Repository/Service NSW Object/input_Search by suburb, postcode or current_d530bf"), suburb): Text 'Redhead 2290' is set on object 'Object Repository/Service NSW Object/input_Search by suburb, postcode or current_d530bf'

2021-03-27 18:02:43 - [MESSAGE][PASSED] - Text 'Redhead 2290' is set on object 'Object Repository/Service NSW Object/input_Search by suburb, postcode or current_d530bf'

2021-03-27 18:02:43 - [TEST_STEP][PASSED] - click(findTestObject("Object Repository/Service NSW Object/button_Sydney South 2000_button button--pri_c5c898")): Object: 'Object Repository/Service NSW Object/button_Sydney South 2000_button button--pri_c5c898' is clicked on

2021-03-27 18:02:44 - [MESSAGE][PASSED] - Object: 'Object Repository/Service NSW Object/button_Sydney South 2000_button button--pri_c5c898' is clicked on

2021-03-27 18:02:44 - [TEST_STEP][PASSED] - click(findTestObject("Object Repository/Service NSW Object/button_Service Centres")): Object: 'Object Repository/Service NSW Object/button_Service Centres' is clicked on

2021-03-27 18:02:46 - [MESSAGE][PASSED] - Object: 'Object Repository/Service NSW Object/button_Service Centres' is clicked on

2021-03-27 18:02:46 - [TEST_STEP][PASSED] - scrollToElement(findTestObject("Service NSW Object/h2_Service NSW locations"), 0): Scroll to object 'Object Repository/Service NSW Object/h2_Service NSW locations' successfully

2021-03-27 18:02:46 - [MESSAGE][WARNING] - Timeout '0' is invalid. Using default page load timeout: '30'

2021-03-27 18:02:46 - [MESSAGE][PASSED] - Scroll to object 'Object Repository/Service NSW Object/h2_Service NSW locations' successfully]]></system-out>
         <system-err><![CDATA[]]></system-err>
      </testcase>
      <testcase name="Test Cases/TC002" time="26.951" classname="Test Cases/TC002" status="PASSED">
         <system-out><![CDATA[2021-03-27 18:02:46 - [TEST_CASE][PASSED] - Test Cases/TC002: Test Cases/TC002

2021-03-27 18:02:46 - [TEST_STEP][PASSED] - openBrowser(""): Browser is opened with url: ''

2021-03-27 18:02:46 - [MESSAGE][WARNING] - A browser is already opened. Closing browser and opening a new one

2021-03-27 18:02:47 - [MESSAGE][INFO] - Starting 'Chrome' driver

2021-03-27 18:02:47 - [MESSAGE][INFO] - Action delay is set to 0 milliseconds

2021-03-27 18:02:49 - [MESSAGE][PASSED] - Browser is opened with url: ''

2021-03-27 18:02:49 - [TEST_STEP][PASSED] - maximizeWindow(): Current window maximized

2021-03-27 18:02:49 - [MESSAGE][PASSED] - Current window maximized

2021-03-27 18:02:49 - [TEST_STEP][PASSED] - navigateToUrl("https://www.service.nsw.gov.au/"): Navigate to 'https://www.service.nsw.gov.au/' successfully

2021-03-27 18:02:52 - [MESSAGE][PASSED] - Navigate to 'https://www.service.nsw.gov.au/' successfully

2021-03-27 18:02:52 - [TEST_STEP][PASSED] - click(findTestObject("Service NSW Object/input_Service NSW makes it easier to find government information and services_q")): Object: 'Object Repository/Service NSW Object/input_Service NSW makes it easier to find government information and services_q' is clicked on

2021-03-27 18:02:53 - [MESSAGE][PASSED] - Object: 'Object Repository/Service NSW Object/input_Service NSW makes it easier to find government information and services_q' is clicked on

2021-03-27 18:02:53 - [TEST_STEP][PASSED] - setText(findTestObject("Service NSW Object/input_Service NSW makes it easier to find government information and services_q"), "Apply for a number plate"): Text 'Apply for a number plate' is set on object 'Object Repository/Service NSW Object/input_Service NSW makes it easier to find government information and services_q'

2021-03-27 18:02:56 - [MESSAGE][PASSED] - Text 'Apply for a number plate' is set on object 'Object Repository/Service NSW Object/input_Service NSW makes it easier to find government information and services_q'

2021-03-27 18:02:56 - [TEST_STEP][PASSED] - click(findTestObject("Service NSW Object/button_apply for a number plate_button button--primary")): Object: 'Object Repository/Service NSW Object/button_apply for a number plate_button button--primary' is clicked on

2021-03-27 18:02:59 - [MESSAGE][PASSED] - Object: 'Object Repository/Service NSW Object/button_apply for a number plate_button button--primary' is clicked on

2021-03-27 18:02:59 - [TEST_STEP][PASSED] - scrollToElement(findTestObject("Service NSW Object/div_87 results found"), 0): Scroll to object 'Object Repository/Service NSW Object/div_87 results found' successfully

2021-03-27 18:03:00 - [MESSAGE][WARNING] - Timeout '0' is invalid. Using default page load timeout: '30'

2021-03-27 18:03:00 - [MESSAGE][PASSED] - Scroll to object 'Object Repository/Service NSW Object/div_87 results found' successfully

2021-03-27 18:03:00 - [TEST_STEP][PASSED] - click(findTestObject("Service NSW Object/a_Apply for a number plate")): Object: 'Object Repository/Service NSW Object/a_Apply for a number plate' is clicked on

2021-03-27 18:03:04 - [MESSAGE][PASSED] - Object: 'Object Repository/Service NSW Object/a_Apply for a number plate' is clicked on

2021-03-27 18:03:04 - [TEST_STEP][PASSED] - click(findTestObject("Object Repository/Service NSW Object/a_Find locations")): Object: 'Object Repository/Service NSW Object/a_Find locations' is clicked on

2021-03-27 18:03:06 - [MESSAGE][PASSED] - Object: 'Object Repository/Service NSW Object/a_Find locations' is clicked on

2021-03-27 18:03:06 - [TEST_STEP][PASSED] - scrollToElement(findTestObject("Service NSW Object/div_search by suburb"), 0): Scroll to object 'Object Repository/Service NSW Object/div_search by suburb' successfully

2021-03-27 18:03:06 - [MESSAGE][WARNING] - Timeout '0' is invalid. Using default page load timeout: '30'

2021-03-27 18:03:09 - [MESSAGE][PASSED] - Scroll to object 'Object Repository/Service NSW Object/div_search by suburb' successfully

2021-03-27 18:03:09 - [TEST_STEP][PASSED] - setText(findTestObject("Object Repository/Service NSW Object/input_Search by suburb, postcode or current_d530bf"), suburb): Text 'Adelaide 5000' is set on object 'Object Repository/Service NSW Object/input_Search by suburb, postcode or current_d530bf'

2021-03-27 18:03:10 - [MESSAGE][PASSED] - Text 'Adelaide 5000' is set on object 'Object Repository/Service NSW Object/input_Search by suburb, postcode or current_d530bf'

2021-03-27 18:03:10 - [TEST_STEP][PASSED] - click(findTestObject("Object Repository/Service NSW Object/button_Sydney South 2000_button button--pri_c5c898")): Object: 'Object Repository/Service NSW Object/button_Sydney South 2000_button button--pri_c5c898' is clicked on

2021-03-27 18:03:10 - [MESSAGE][PASSED] - Object: 'Object Repository/Service NSW Object/button_Sydney South 2000_button button--pri_c5c898' is clicked on

2021-03-27 18:03:10 - [TEST_STEP][PASSED] - click(findTestObject("Object Repository/Service NSW Object/button_Service Centres")): Object: 'Object Repository/Service NSW Object/button_Service Centres' is clicked on

2021-03-27 18:03:13 - [MESSAGE][PASSED] - Object: 'Object Repository/Service NSW Object/button_Service Centres' is clicked on

2021-03-27 18:03:13 - [TEST_STEP][PASSED] - scrollToElement(findTestObject("Service NSW Object/h2_Service NSW locations"), 0): Scroll to object 'Object Repository/Service NSW Object/h2_Service NSW locations' successfully

2021-03-27 18:03:13 - [MESSAGE][WARNING] - Timeout '0' is invalid. Using default page load timeout: '30'

2021-03-27 18:03:13 - [MESSAGE][PASSED] - Scroll to object 'Object Repository/Service NSW Object/h2_Service NSW locations' successfully]]></system-out>
         <system-err><![CDATA[]]></system-err>
      </testcase>
      <testcase name="Test Cases/TC002" time="35.288" classname="Test Cases/TC002" status="PASSED">
         <system-out><![CDATA[2021-03-27 18:03:13 - [TEST_CASE][PASSED] - Test Cases/TC002: Test Cases/TC002

2021-03-27 18:03:13 - [TEST_STEP][PASSED] - openBrowser(""): Browser is opened with url: ''

2021-03-27 18:03:13 - [MESSAGE][WARNING] - A browser is already opened. Closing browser and opening a new one

2021-03-27 18:03:14 - [MESSAGE][INFO] - Starting 'Chrome' driver

2021-03-27 18:03:14 - [MESSAGE][INFO] - Action delay is set to 0 milliseconds

2021-03-27 18:03:16 - [MESSAGE][PASSED] - Browser is opened with url: ''

2021-03-27 18:03:16 - [TEST_STEP][PASSED] - maximizeWindow(): Current window maximized

2021-03-27 18:03:16 - [MESSAGE][PASSED] - Current window maximized

2021-03-27 18:03:16 - [TEST_STEP][PASSED] - navigateToUrl("https://www.service.nsw.gov.au/"): Navigate to 'https://www.service.nsw.gov.au/' successfully

2021-03-27 18:03:20 - [MESSAGE][PASSED] - Navigate to 'https://www.service.nsw.gov.au/' successfully

2021-03-27 18:03:20 - [TEST_STEP][PASSED] - click(findTestObject("Service NSW Object/input_Service NSW makes it easier to find government information and services_q")): Object: 'Object Repository/Service NSW Object/input_Service NSW makes it easier to find government information and services_q' is clicked on

2021-03-27 18:03:21 - [MESSAGE][PASSED] - Object: 'Object Repository/Service NSW Object/input_Service NSW makes it easier to find government information and services_q' is clicked on

2021-03-27 18:03:21 - [TEST_STEP][PASSED] - setText(findTestObject("Service NSW Object/input_Service NSW makes it easier to find government information and services_q"), "Apply for a number plate"): Text 'Apply for a number plate' is set on object 'Object Repository/Service NSW Object/input_Service NSW makes it easier to find government information and services_q'

2021-03-27 18:03:22 - [MESSAGE][PASSED] - Text 'Apply for a number plate' is set on object 'Object Repository/Service NSW Object/input_Service NSW makes it easier to find government information and services_q'

2021-03-27 18:03:22 - [TEST_STEP][PASSED] - click(findTestObject("Service NSW Object/button_apply for a number plate_button button--primary")): Object: 'Object Repository/Service NSW Object/button_apply for a number plate_button button--primary' is clicked on

2021-03-27 18:03:26 - [MESSAGE][PASSED] - Object: 'Object Repository/Service NSW Object/button_apply for a number plate_button button--primary' is clicked on

2021-03-27 18:03:26 - [TEST_STEP][PASSED] - scrollToElement(findTestObject("Service NSW Object/div_87 results found"), 0): Scroll to object 'Object Repository/Service NSW Object/div_87 results found' successfully

2021-03-27 18:03:26 - [MESSAGE][WARNING] - Timeout '0' is invalid. Using default page load timeout: '30'

2021-03-27 18:03:27 - [MESSAGE][PASSED] - Scroll to object 'Object Repository/Service NSW Object/div_87 results found' successfully

2021-03-27 18:03:27 - [TEST_STEP][PASSED] - click(findTestObject("Service NSW Object/a_Apply for a number plate")): Object: 'Object Repository/Service NSW Object/a_Apply for a number plate' is clicked on

2021-03-27 18:03:32 - [MESSAGE][PASSED] - Object: 'Object Repository/Service NSW Object/a_Apply for a number plate' is clicked on

2021-03-27 18:03:32 - [TEST_STEP][PASSED] - click(findTestObject("Object Repository/Service NSW Object/a_Find locations")): Object: 'Object Repository/Service NSW Object/a_Find locations' is clicked on

2021-03-27 18:03:35 - [MESSAGE][PASSED] - Object: 'Object Repository/Service NSW Object/a_Find locations' is clicked on

2021-03-27 18:03:35 - [TEST_STEP][PASSED] - scrollToElement(findTestObject("Service NSW Object/div_search by suburb"), 0): Scroll to object 'Object Repository/Service NSW Object/div_search by suburb' successfully

2021-03-27 18:03:35 - [MESSAGE][WARNING] - Timeout '0' is invalid. Using default page load timeout: '30'

2021-03-27 18:03:42 - [MESSAGE][PASSED] - Scroll to object 'Object Repository/Service NSW Object/div_search by suburb' successfully

2021-03-27 18:03:42 - [TEST_STEP][PASSED] - setText(findTestObject("Object Repository/Service NSW Object/input_Search by suburb, postcode or current_d530bf"), suburb): Text 'Adelaide Park 4703' is set on object 'Object Repository/Service NSW Object/input_Search by suburb, postcode or current_d530bf'

2021-03-27 18:03:46 - [MESSAGE][PASSED] - Text 'Adelaide Park 4703' is set on object 'Object Repository/Service NSW Object/input_Search by suburb, postcode or current_d530bf'

2021-03-27 18:03:46 - [TEST_STEP][PASSED] - click(findTestObject("Object Repository/Service NSW Object/button_Sydney South 2000_button button--pri_c5c898")): Object: 'Object Repository/Service NSW Object/button_Sydney South 2000_button button--pri_c5c898' is clicked on

2021-03-27 18:03:46 - [MESSAGE][PASSED] - Object: 'Object Repository/Service NSW Object/button_Sydney South 2000_button button--pri_c5c898' is clicked on

2021-03-27 18:03:46 - [TEST_STEP][PASSED] - click(findTestObject("Object Repository/Service NSW Object/button_Service Centres")): Object: 'Object Repository/Service NSW Object/button_Service Centres' is clicked on

2021-03-27 18:03:48 - [MESSAGE][PASSED] - Object: 'Object Repository/Service NSW Object/button_Service Centres' is clicked on

2021-03-27 18:03:48 - [TEST_STEP][PASSED] - scrollToElement(findTestObject("Service NSW Object/h2_Service NSW locations"), 0): Scroll to object 'Object Repository/Service NSW Object/h2_Service NSW locations' successfully

2021-03-27 18:03:48 - [MESSAGE][WARNING] - Timeout '0' is invalid. Using default page load timeout: '30'

2021-03-27 18:03:49 - [MESSAGE][PASSED] - Scroll to object 'Object Repository/Service NSW Object/h2_Service NSW locations' successfully]]></system-out>
         <system-err><![CDATA[]]></system-err>
      </testcase>
      <testcase name="Test Cases/TC002" time="24.712" classname="Test Cases/TC002" status="PASSED">
         <system-out><![CDATA[2021-03-27 18:03:49 - [TEST_CASE][PASSED] - Test Cases/TC002: Test Cases/TC002

2021-03-27 18:03:49 - [TEST_STEP][PASSED] - openBrowser(""): Browser is opened with url: ''

2021-03-27 18:03:49 - [MESSAGE][WARNING] - A browser is already opened. Closing browser and opening a new one

2021-03-27 18:03:50 - [MESSAGE][INFO] - Starting 'Chrome' driver

2021-03-27 18:03:50 - [MESSAGE][INFO] - Action delay is set to 0 milliseconds

2021-03-27 18:03:51 - [MESSAGE][PASSED] - Browser is opened with url: ''

2021-03-27 18:03:51 - [TEST_STEP][PASSED] - maximizeWindow(): Current window maximized

2021-03-27 18:03:51 - [MESSAGE][PASSED] - Current window maximized

2021-03-27 18:03:51 - [TEST_STEP][PASSED] - navigateToUrl("https://www.service.nsw.gov.au/"): Navigate to 'https://www.service.nsw.gov.au/' successfully

2021-03-27 18:03:55 - [MESSAGE][PASSED] - Navigate to 'https://www.service.nsw.gov.au/' successfully

2021-03-27 18:03:55 - [TEST_STEP][PASSED] - click(findTestObject("Service NSW Object/input_Service NSW makes it easier to find government information and services_q")): Object: 'Object Repository/Service NSW Object/input_Service NSW makes it easier to find government information and services_q' is clicked on

2021-03-27 18:03:56 - [MESSAGE][PASSED] - Object: 'Object Repository/Service NSW Object/input_Service NSW makes it easier to find government information and services_q' is clicked on

2021-03-27 18:03:56 - [TEST_STEP][PASSED] - setText(findTestObject("Service NSW Object/input_Service NSW makes it easier to find government information and services_q"), "Apply for a number plate"): Text 'Apply for a number plate' is set on object 'Object Repository/Service NSW Object/input_Service NSW makes it easier to find government information and services_q'

2021-03-27 18:03:58 - [MESSAGE][PASSED] - Text 'Apply for a number plate' is set on object 'Object Repository/Service NSW Object/input_Service NSW makes it easier to find government information and services_q'

2021-03-27 18:03:58 - [TEST_STEP][PASSED] - click(findTestObject("Service NSW Object/button_apply for a number plate_button button--primary")): Object: 'Object Repository/Service NSW Object/button_apply for a number plate_button button--primary' is clicked on

2021-03-27 18:04:01 - [MESSAGE][PASSED] - Object: 'Object Repository/Service NSW Object/button_apply for a number plate_button button--primary' is clicked on

2021-03-27 18:04:01 - [TEST_STEP][PASSED] - scrollToElement(findTestObject("Service NSW Object/div_87 results found"), 0): Scroll to object 'Object Repository/Service NSW Object/div_87 results found' successfully

2021-03-27 18:04:01 - [MESSAGE][WARNING] - Timeout '0' is invalid. Using default page load timeout: '30'

2021-03-27 18:04:01 - [MESSAGE][PASSED] - Scroll to object 'Object Repository/Service NSW Object/div_87 results found' successfully

2021-03-27 18:04:01 - [TEST_STEP][PASSED] - click(findTestObject("Service NSW Object/a_Apply for a number plate")): Object: 'Object Repository/Service NSW Object/a_Apply for a number plate' is clicked on

2021-03-27 18:04:05 - [MESSAGE][PASSED] - Object: 'Object Repository/Service NSW Object/a_Apply for a number plate' is clicked on

2021-03-27 18:04:05 - [TEST_STEP][PASSED] - click(findTestObject("Object Repository/Service NSW Object/a_Find locations")): Object: 'Object Repository/Service NSW Object/a_Find locations' is clicked on

2021-03-27 18:04:07 - [MESSAGE][PASSED] - Object: 'Object Repository/Service NSW Object/a_Find locations' is clicked on

2021-03-27 18:04:07 - [TEST_STEP][PASSED] - scrollToElement(findTestObject("Service NSW Object/div_search by suburb"), 0): Scroll to object 'Object Repository/Service NSW Object/div_search by suburb' successfully

2021-03-27 18:04:07 - [MESSAGE][WARNING] - Timeout '0' is invalid. Using default page load timeout: '30'

2021-03-27 18:04:10 - [MESSAGE][PASSED] - Scroll to object 'Object Repository/Service NSW Object/div_search by suburb' successfully

2021-03-27 18:04:10 - [TEST_STEP][PASSED] - setText(findTestObject("Object Repository/Service NSW Object/input_Search by suburb, postcode or current_d530bf"), suburb): Text 'Sydney Olympic Park 2127' is set on object 'Object Repository/Service NSW Object/input_Search by suburb, postcode or current_d530bf'

2021-03-27 18:04:11 - [MESSAGE][PASSED] - Text 'Sydney Olympic Park 2127' is set on object 'Object Repository/Service NSW Object/input_Search by suburb, postcode or current_d530bf'

2021-03-27 18:04:11 - [TEST_STEP][PASSED] - click(findTestObject("Object Repository/Service NSW Object/button_Sydney South 2000_button button--pri_c5c898")): Object: 'Object Repository/Service NSW Object/button_Sydney South 2000_button button--pri_c5c898' is clicked on

2021-03-27 18:04:11 - [MESSAGE][PASSED] - Object: 'Object Repository/Service NSW Object/button_Sydney South 2000_button button--pri_c5c898' is clicked on

2021-03-27 18:04:11 - [TEST_STEP][PASSED] - click(findTestObject("Object Repository/Service NSW Object/button_Service Centres")): Object: 'Object Repository/Service NSW Object/button_Service Centres' is clicked on

2021-03-27 18:04:12 - [MESSAGE][PASSED] - Object: 'Object Repository/Service NSW Object/button_Service Centres' is clicked on

2021-03-27 18:04:12 - [TEST_STEP][PASSED] - scrollToElement(findTestObject("Service NSW Object/h2_Service NSW locations"), 0): Scroll to object 'Object Repository/Service NSW Object/h2_Service NSW locations' successfully

2021-03-27 18:04:13 - [MESSAGE][WARNING] - Timeout '0' is invalid. Using default page load timeout: '30'

2021-03-27 18:04:13 - [MESSAGE][PASSED] - Scroll to object 'Object Repository/Service NSW Object/h2_Service NSW locations' successfully]]></system-out>
         <system-err><![CDATA[]]></system-err>
      </testcase>
      <testcase name="Test Cases/TC002" time="76.261" classname="Test Cases/TC002" status="PASSED">
         <system-out><![CDATA[2021-03-27 18:04:13 - [TEST_CASE][PASSED] - Test Cases/TC002: Test Cases/TC002

2021-03-27 18:04:14 - [TEST_STEP][PASSED] - openBrowser(""): Browser is opened with url: ''

2021-03-27 18:04:14 - [MESSAGE][WARNING] - A browser is already opened. Closing browser and opening a new one

2021-03-27 18:04:14 - [MESSAGE][INFO] - Starting 'Chrome' driver

2021-03-27 18:04:14 - [MESSAGE][INFO] - Action delay is set to 0 milliseconds

2021-03-27 18:04:16 - [MESSAGE][PASSED] - Browser is opened with url: ''

2021-03-27 18:04:16 - [TEST_STEP][PASSED] - maximizeWindow(): Current window maximized

2021-03-27 18:04:16 - [MESSAGE][PASSED] - Current window maximized

2021-03-27 18:04:16 - [TEST_STEP][PASSED] - navigateToUrl("https://www.service.nsw.gov.au/"): Navigate to 'https://www.service.nsw.gov.au/' successfully

2021-03-27 18:04:35 - [MESSAGE][PASSED] - Navigate to 'https://www.service.nsw.gov.au/' successfully

2021-03-27 18:04:35 - [TEST_STEP][PASSED] - click(findTestObject("Service NSW Object/input_Service NSW makes it easier to find government information and services_q")): Object: 'Object Repository/Service NSW Object/input_Service NSW makes it easier to find government information and services_q' is clicked on

2021-03-27 18:04:40 - [MESSAGE][PASSED] - Object: 'Object Repository/Service NSW Object/input_Service NSW makes it easier to find government information and services_q' is clicked on

2021-03-27 18:04:40 - [TEST_STEP][PASSED] - setText(findTestObject("Service NSW Object/input_Service NSW makes it easier to find government information and services_q"), "Apply for a number plate"): Text 'Apply for a number plate' is set on object 'Object Repository/Service NSW Object/input_Service NSW makes it easier to find government information and services_q'

2021-03-27 18:04:41 - [MESSAGE][PASSED] - Text 'Apply for a number plate' is set on object 'Object Repository/Service NSW Object/input_Service NSW makes it easier to find government information and services_q'

2021-03-27 18:04:41 - [TEST_STEP][PASSED] - click(findTestObject("Service NSW Object/button_apply for a number plate_button button--primary")): Object: 'Object Repository/Service NSW Object/button_apply for a number plate_button button--primary' is clicked on

2021-03-27 18:05:03 - [MESSAGE][PASSED] - Object: 'Object Repository/Service NSW Object/button_apply for a number plate_button button--primary' is clicked on

2021-03-27 18:05:03 - [TEST_STEP][PASSED] - scrollToElement(findTestObject("Service NSW Object/div_87 results found"), 0): Scroll to object 'Object Repository/Service NSW Object/div_87 results found' successfully

2021-03-27 18:05:03 - [MESSAGE][WARNING] - Timeout '0' is invalid. Using default page load timeout: '30'

2021-03-27 18:05:03 - [MESSAGE][PASSED] - Scroll to object 'Object Repository/Service NSW Object/div_87 results found' successfully

2021-03-27 18:05:03 - [TEST_STEP][PASSED] - click(findTestObject("Service NSW Object/a_Apply for a number plate")): Object: 'Object Repository/Service NSW Object/a_Apply for a number plate' is clicked on

2021-03-27 18:05:11 - [MESSAGE][PASSED] - Object: 'Object Repository/Service NSW Object/a_Apply for a number plate' is clicked on

2021-03-27 18:05:11 - [TEST_STEP][PASSED] - click(findTestObject("Object Repository/Service NSW Object/a_Find locations")): Object: 'Object Repository/Service NSW Object/a_Find locations' is clicked on

2021-03-27 18:05:16 - [MESSAGE][PASSED] - Object: 'Object Repository/Service NSW Object/a_Find locations' is clicked on

2021-03-27 18:05:16 - [TEST_STEP][PASSED] - scrollToElement(findTestObject("Service NSW Object/div_search by suburb"), 0): Scroll to object 'Object Repository/Service NSW Object/div_search by suburb' successfully

2021-03-27 18:05:16 - [MESSAGE][WARNING] - Timeout '0' is invalid. Using default page load timeout: '30'

2021-03-27 18:05:24 - [MESSAGE][PASSED] - Scroll to object 'Object Repository/Service NSW Object/div_search by suburb' successfully

2021-03-27 18:05:24 - [TEST_STEP][PASSED] - setText(findTestObject("Object Repository/Service NSW Object/input_Search by suburb, postcode or current_d530bf"), suburb): Text 'Sydney South 2000' is set on object 'Object Repository/Service NSW Object/input_Search by suburb, postcode or current_d530bf'

2021-03-27 18:05:27 - [MESSAGE][PASSED] - Text 'Sydney South 2000' is set on object 'Object Repository/Service NSW Object/input_Search by suburb, postcode or current_d530bf'

2021-03-27 18:05:27 - [TEST_STEP][PASSED] - click(findTestObject("Object Repository/Service NSW Object/button_Sydney South 2000_button button--pri_c5c898")): Object: 'Object Repository/Service NSW Object/button_Sydney South 2000_button button--pri_c5c898' is clicked on

2021-03-27 18:05:28 - [MESSAGE][PASSED] - Object: 'Object Repository/Service NSW Object/button_Sydney South 2000_button button--pri_c5c898' is clicked on

2021-03-27 18:05:28 - [TEST_STEP][PASSED] - click(findTestObject("Object Repository/Service NSW Object/button_Service Centres")): Object: 'Object Repository/Service NSW Object/button_Service Centres' is clicked on

2021-03-27 18:05:29 - [MESSAGE][PASSED] - Object: 'Object Repository/Service NSW Object/button_Service Centres' is clicked on

2021-03-27 18:05:29 - [TEST_STEP][PASSED] - scrollToElement(findTestObject("Service NSW Object/h2_Service NSW locations"), 0): Scroll to object 'Object Repository/Service NSW Object/h2_Service NSW locations' successfully

2021-03-27 18:05:29 - [MESSAGE][WARNING] - Timeout '0' is invalid. Using default page load timeout: '30'

2021-03-27 18:05:30 - [MESSAGE][PASSED] - Scroll to object 'Object Repository/Service NSW Object/h2_Service NSW locations' successfully]]></system-out>
         <system-err><![CDATA[]]></system-err>
      </testcase>
      <testcase name="Test Cases/TC002" time="28.7" classname="Test Cases/TC002" status="PASSED">
         <system-out><![CDATA[2021-03-27 18:05:30 - [TEST_CASE][PASSED] - Test Cases/TC002: Test Cases/TC002

2021-03-27 18:05:30 - [TEST_STEP][PASSED] - openBrowser(""): Browser is opened with url: ''

2021-03-27 18:05:30 - [MESSAGE][WARNING] - A browser is already opened. Closing browser and opening a new one

2021-03-27 18:05:31 - [MESSAGE][INFO] - Starting 'Chrome' driver

2021-03-27 18:05:31 - [MESSAGE][INFO] - Action delay is set to 0 milliseconds

2021-03-27 18:05:32 - [MESSAGE][PASSED] - Browser is opened with url: ''

2021-03-27 18:05:32 - [TEST_STEP][PASSED] - maximizeWindow(): Current window maximized

2021-03-27 18:05:33 - [MESSAGE][PASSED] - Current window maximized

2021-03-27 18:05:33 - [TEST_STEP][PASSED] - navigateToUrl("https://www.service.nsw.gov.au/"): Navigate to 'https://www.service.nsw.gov.au/' successfully

2021-03-27 18:05:37 - [MESSAGE][PASSED] - Navigate to 'https://www.service.nsw.gov.au/' successfully

2021-03-27 18:05:37 - [TEST_STEP][PASSED] - click(findTestObject("Service NSW Object/input_Service NSW makes it easier to find government information and services_q")): Object: 'Object Repository/Service NSW Object/input_Service NSW makes it easier to find government information and services_q' is clicked on

2021-03-27 18:05:39 - [MESSAGE][PASSED] - Object: 'Object Repository/Service NSW Object/input_Service NSW makes it easier to find government information and services_q' is clicked on

2021-03-27 18:05:39 - [TEST_STEP][PASSED] - setText(findTestObject("Service NSW Object/input_Service NSW makes it easier to find government information and services_q"), "Apply for a number plate"): Text 'Apply for a number plate' is set on object 'Object Repository/Service NSW Object/input_Service NSW makes it easier to find government information and services_q'

2021-03-27 18:05:40 - [MESSAGE][PASSED] - Text 'Apply for a number plate' is set on object 'Object Repository/Service NSW Object/input_Service NSW makes it easier to find government information and services_q'

2021-03-27 18:05:40 - [TEST_STEP][PASSED] - click(findTestObject("Service NSW Object/button_apply for a number plate_button button--primary")): Object: 'Object Repository/Service NSW Object/button_apply for a number plate_button button--primary' is clicked on

2021-03-27 18:05:44 - [MESSAGE][PASSED] - Object: 'Object Repository/Service NSW Object/button_apply for a number plate_button button--primary' is clicked on

2021-03-27 18:05:44 - [TEST_STEP][PASSED] - scrollToElement(findTestObject("Service NSW Object/div_87 results found"), 0): Scroll to object 'Object Repository/Service NSW Object/div_87 results found' successfully

2021-03-27 18:05:44 - [MESSAGE][WARNING] - Timeout '0' is invalid. Using default page load timeout: '30'

2021-03-27 18:05:44 - [MESSAGE][PASSED] - Scroll to object 'Object Repository/Service NSW Object/div_87 results found' successfully

2021-03-27 18:05:44 - [TEST_STEP][PASSED] - click(findTestObject("Service NSW Object/a_Apply for a number plate")): Object: 'Object Repository/Service NSW Object/a_Apply for a number plate' is clicked on

2021-03-27 18:05:49 - [MESSAGE][PASSED] - Object: 'Object Repository/Service NSW Object/a_Apply for a number plate' is clicked on

2021-03-27 18:05:49 - [TEST_STEP][PASSED] - click(findTestObject("Object Repository/Service NSW Object/a_Find locations")): Object: 'Object Repository/Service NSW Object/a_Find locations' is clicked on

2021-03-27 18:05:51 - [MESSAGE][PASSED] - Object: 'Object Repository/Service NSW Object/a_Find locations' is clicked on

2021-03-27 18:05:51 - [TEST_STEP][PASSED] - scrollToElement(findTestObject("Service NSW Object/div_search by suburb"), 0): Scroll to object 'Object Repository/Service NSW Object/div_search by suburb' successfully

2021-03-27 18:05:51 - [MESSAGE][WARNING] - Timeout '0' is invalid. Using default page load timeout: '30'

2021-03-27 18:05:54 - [MESSAGE][PASSED] - Scroll to object 'Object Repository/Service NSW Object/div_search by suburb' successfully

2021-03-27 18:05:54 - [TEST_STEP][PASSED] - setText(findTestObject("Object Repository/Service NSW Object/input_Search by suburb, postcode or current_d530bf"), suburb): Text 'Sydney University 2006' is set on object 'Object Repository/Service NSW Object/input_Search by suburb, postcode or current_d530bf'

2021-03-27 18:05:55 - [MESSAGE][PASSED] - Text 'Sydney University 2006' is set on object 'Object Repository/Service NSW Object/input_Search by suburb, postcode or current_d530bf'

2021-03-27 18:05:55 - [TEST_STEP][PASSED] - click(findTestObject("Object Repository/Service NSW Object/button_Sydney South 2000_button button--pri_c5c898")): Object: 'Object Repository/Service NSW Object/button_Sydney South 2000_button button--pri_c5c898' is clicked on

2021-03-27 18:05:55 - [MESSAGE][PASSED] - Object: 'Object Repository/Service NSW Object/button_Sydney South 2000_button button--pri_c5c898' is clicked on

2021-03-27 18:05:55 - [TEST_STEP][PASSED] - click(findTestObject("Object Repository/Service NSW Object/button_Service Centres")): Object: 'Object Repository/Service NSW Object/button_Service Centres' is clicked on

2021-03-27 18:05:58 - [MESSAGE][PASSED] - Object: 'Object Repository/Service NSW Object/button_Service Centres' is clicked on

2021-03-27 18:05:58 - [TEST_STEP][PASSED] - scrollToElement(findTestObject("Service NSW Object/h2_Service NSW locations"), 0): Scroll to object 'Object Repository/Service NSW Object/h2_Service NSW locations' successfully

2021-03-27 18:05:58 - [MESSAGE][WARNING] - Timeout '0' is invalid. Using default page load timeout: '30'

2021-03-27 18:05:59 - [MESSAGE][PASSED] - Scroll to object 'Object Repository/Service NSW Object/h2_Service NSW locations' successfully]]></system-out>
         <system-err><![CDATA[]]></system-err>
      </testcase>
      <testcase name="Test Cases/TC002" time="28.664" classname="Test Cases/TC002" status="PASSED">
         <system-out><![CDATA[2021-03-27 18:05:59 - [TEST_CASE][PASSED] - Test Cases/TC002: Test Cases/TC002

2021-03-27 18:05:59 - [TEST_STEP][PASSED] - openBrowser(""): Browser is opened with url: ''

2021-03-27 18:05:59 - [MESSAGE][WARNING] - A browser is already opened. Closing browser and opening a new one

2021-03-27 18:05:59 - [MESSAGE][INFO] - Starting 'Chrome' driver

2021-03-27 18:05:59 - [MESSAGE][INFO] - Action delay is set to 0 milliseconds

2021-03-27 18:06:01 - [MESSAGE][PASSED] - Browser is opened with url: ''

2021-03-27 18:06:01 - [TEST_STEP][PASSED] - maximizeWindow(): Current window maximized

2021-03-27 18:06:01 - [MESSAGE][PASSED] - Current window maximized

2021-03-27 18:06:01 - [TEST_STEP][PASSED] - navigateToUrl("https://www.service.nsw.gov.au/"): Navigate to 'https://www.service.nsw.gov.au/' successfully

2021-03-27 18:06:05 - [MESSAGE][PASSED] - Navigate to 'https://www.service.nsw.gov.au/' successfully

2021-03-27 18:06:05 - [TEST_STEP][PASSED] - click(findTestObject("Service NSW Object/input_Service NSW makes it easier to find government information and services_q")): Object: 'Object Repository/Service NSW Object/input_Service NSW makes it easier to find government information and services_q' is clicked on

2021-03-27 18:06:07 - [MESSAGE][PASSED] - Object: 'Object Repository/Service NSW Object/input_Service NSW makes it easier to find government information and services_q' is clicked on

2021-03-27 18:06:07 - [TEST_STEP][PASSED] - setText(findTestObject("Service NSW Object/input_Service NSW makes it easier to find government information and services_q"), "Apply for a number plate"): Text 'Apply for a number plate' is set on object 'Object Repository/Service NSW Object/input_Service NSW makes it easier to find government information and services_q'

2021-03-27 18:06:08 - [MESSAGE][PASSED] - Text 'Apply for a number plate' is set on object 'Object Repository/Service NSW Object/input_Service NSW makes it easier to find government information and services_q'

2021-03-27 18:06:08 - [TEST_STEP][PASSED] - click(findTestObject("Service NSW Object/button_apply for a number plate_button button--primary")): Object: 'Object Repository/Service NSW Object/button_apply for a number plate_button button--primary' is clicked on

2021-03-27 18:06:13 - [MESSAGE][PASSED] - Object: 'Object Repository/Service NSW Object/button_apply for a number plate_button button--primary' is clicked on

2021-03-27 18:06:13 - [TEST_STEP][PASSED] - scrollToElement(findTestObject("Service NSW Object/div_87 results found"), 0): Scroll to object 'Object Repository/Service NSW Object/div_87 results found' successfully

2021-03-27 18:06:13 - [MESSAGE][WARNING] - Timeout '0' is invalid. Using default page load timeout: '30'

2021-03-27 18:06:13 - [MESSAGE][PASSED] - Scroll to object 'Object Repository/Service NSW Object/div_87 results found' successfully

2021-03-27 18:06:13 - [TEST_STEP][PASSED] - click(findTestObject("Service NSW Object/a_Apply for a number plate")): Object: 'Object Repository/Service NSW Object/a_Apply for a number plate' is clicked on

2021-03-27 18:06:17 - [MESSAGE][PASSED] - Object: 'Object Repository/Service NSW Object/a_Apply for a number plate' is clicked on

2021-03-27 18:06:17 - [TEST_STEP][PASSED] - click(findTestObject("Object Repository/Service NSW Object/a_Find locations")): Object: 'Object Repository/Service NSW Object/a_Find locations' is clicked on

2021-03-27 18:06:21 - [MESSAGE][PASSED] - Object: 'Object Repository/Service NSW Object/a_Find locations' is clicked on

2021-03-27 18:06:21 - [TEST_STEP][PASSED] - scrollToElement(findTestObject("Service NSW Object/div_search by suburb"), 0): Scroll to object 'Object Repository/Service NSW Object/div_search by suburb' successfully

2021-03-27 18:06:21 - [MESSAGE][WARNING] - Timeout '0' is invalid. Using default page load timeout: '30'

2021-03-27 18:06:21 - [MESSAGE][PASSED] - Scroll to object 'Object Repository/Service NSW Object/div_search by suburb' successfully

2021-03-27 18:06:21 - [TEST_STEP][PASSED] - setText(findTestObject("Object Repository/Service NSW Object/input_Search by suburb, postcode or current_d530bf"), suburb): Text 'Sydney Olympic Park 2127' is set on object 'Object Repository/Service NSW Object/input_Search by suburb, postcode or current_d530bf'

2021-03-27 18:06:23 - [MESSAGE][PASSED] - Text 'Sydney Olympic Park 2127' is set on object 'Object Repository/Service NSW Object/input_Search by suburb, postcode or current_d530bf'

2021-03-27 18:06:23 - [TEST_STEP][PASSED] - click(findTestObject("Object Repository/Service NSW Object/button_Sydney South 2000_button button--pri_c5c898")): Object: 'Object Repository/Service NSW Object/button_Sydney South 2000_button button--pri_c5c898' is clicked on

2021-03-27 18:06:25 - [MESSAGE][PASSED] - Object: 'Object Repository/Service NSW Object/button_Sydney South 2000_button button--pri_c5c898' is clicked on

2021-03-27 18:06:25 - [TEST_STEP][PASSED] - click(findTestObject("Object Repository/Service NSW Object/button_Service Centres")): Object: 'Object Repository/Service NSW Object/button_Service Centres' is clicked on

2021-03-27 18:06:26 - [MESSAGE][PASSED] - Object: 'Object Repository/Service NSW Object/button_Service Centres' is clicked on

2021-03-27 18:06:26 - [TEST_STEP][PASSED] - scrollToElement(findTestObject("Service NSW Object/h2_Service NSW locations"), 0): Scroll to object 'Object Repository/Service NSW Object/h2_Service NSW locations' successfully

2021-03-27 18:06:26 - [MESSAGE][WARNING] - Timeout '0' is invalid. Using default page load timeout: '30'

2021-03-27 18:06:27 - [MESSAGE][PASSED] - Scroll to object 'Object Repository/Service NSW Object/h2_Service NSW locations' successfully]]></system-out>
         <system-err><![CDATA[]]></system-err>
      </testcase>
      <testcase name="Test Cases/TC002" time="65.507" classname="Test Cases/TC002" status="PASSED">
         <system-out><![CDATA[2021-03-27 18:06:27 - [TEST_CASE][PASSED] - Test Cases/TC002: Test Cases/TC002

2021-03-27 18:06:27 - [TEST_STEP][PASSED] - openBrowser(""): Browser is opened with url: ''

2021-03-27 18:06:27 - [MESSAGE][WARNING] - A browser is already opened. Closing browser and opening a new one

2021-03-27 18:06:28 - [MESSAGE][INFO] - Starting 'Chrome' driver

2021-03-27 18:06:28 - [MESSAGE][INFO] - Action delay is set to 0 milliseconds

2021-03-27 18:06:30 - [MESSAGE][PASSED] - Browser is opened with url: ''

2021-03-27 18:06:30 - [TEST_STEP][PASSED] - maximizeWindow(): Current window maximized

2021-03-27 18:06:30 - [MESSAGE][PASSED] - Current window maximized

2021-03-27 18:06:30 - [TEST_STEP][PASSED] - navigateToUrl("https://www.service.nsw.gov.au/"): Navigate to 'https://www.service.nsw.gov.au/' successfully

2021-03-27 18:06:37 - [MESSAGE][PASSED] - Navigate to 'https://www.service.nsw.gov.au/' successfully

2021-03-27 18:06:37 - [TEST_STEP][PASSED] - click(findTestObject("Service NSW Object/input_Service NSW makes it easier to find government information and services_q")): Object: 'Object Repository/Service NSW Object/input_Service NSW makes it easier to find government information and services_q' is clicked on

2021-03-27 18:06:38 - [MESSAGE][PASSED] - Object: 'Object Repository/Service NSW Object/input_Service NSW makes it easier to find government information and services_q' is clicked on

2021-03-27 18:06:38 - [TEST_STEP][PASSED] - setText(findTestObject("Service NSW Object/input_Service NSW makes it easier to find government information and services_q"), "Apply for a number plate"): Text 'Apply for a number plate' is set on object 'Object Repository/Service NSW Object/input_Service NSW makes it easier to find government information and services_q'

2021-03-27 18:06:40 - [MESSAGE][PASSED] - Text 'Apply for a number plate' is set on object 'Object Repository/Service NSW Object/input_Service NSW makes it easier to find government information and services_q'

2021-03-27 18:06:40 - [TEST_STEP][PASSED] - click(findTestObject("Service NSW Object/button_apply for a number plate_button button--primary")): Object: 'Object Repository/Service NSW Object/button_apply for a number plate_button button--primary' is clicked on

2021-03-27 18:06:48 - [MESSAGE][PASSED] - Object: 'Object Repository/Service NSW Object/button_apply for a number plate_button button--primary' is clicked on

2021-03-27 18:06:48 - [TEST_STEP][PASSED] - scrollToElement(findTestObject("Service NSW Object/div_87 results found"), 0): Scroll to object 'Object Repository/Service NSW Object/div_87 results found' successfully

2021-03-27 18:06:48 - [MESSAGE][WARNING] - Timeout '0' is invalid. Using default page load timeout: '30'

2021-03-27 18:06:50 - [MESSAGE][PASSED] - Scroll to object 'Object Repository/Service NSW Object/div_87 results found' successfully

2021-03-27 18:06:50 - [TEST_STEP][PASSED] - click(findTestObject("Service NSW Object/a_Apply for a number plate")): Object: 'Object Repository/Service NSW Object/a_Apply for a number plate' is clicked on

2021-03-27 18:07:02 - [MESSAGE][PASSED] - Object: 'Object Repository/Service NSW Object/a_Apply for a number plate' is clicked on

2021-03-27 18:07:02 - [TEST_STEP][PASSED] - click(findTestObject("Object Repository/Service NSW Object/a_Find locations")): Object: 'Object Repository/Service NSW Object/a_Find locations' is clicked on

2021-03-27 18:07:12 - [MESSAGE][PASSED] - Object: 'Object Repository/Service NSW Object/a_Find locations' is clicked on

2021-03-27 18:07:12 - [TEST_STEP][PASSED] - scrollToElement(findTestObject("Service NSW Object/div_search by suburb"), 0): Scroll to object 'Object Repository/Service NSW Object/div_search by suburb' successfully

2021-03-27 18:07:12 - [MESSAGE][WARNING] - Timeout '0' is invalid. Using default page load timeout: '30'

2021-03-27 18:07:18 - [MESSAGE][PASSED] - Scroll to object 'Object Repository/Service NSW Object/div_search by suburb' successfully

2021-03-27 18:07:18 - [TEST_STEP][PASSED] - setText(findTestObject("Object Repository/Service NSW Object/input_Search by suburb, postcode or current_d530bf"), suburb): Text 'Sydney International Airport 2020' is set on object 'Object Repository/Service NSW Object/input_Search by suburb, postcode or current_d530bf'

2021-03-27 18:07:29 - [MESSAGE][PASSED] - Text 'Sydney International Airport 2020' is set on object 'Object Repository/Service NSW Object/input_Search by suburb, postcode or current_d530bf'

2021-03-27 18:07:30 - [TEST_STEP][PASSED] - click(findTestObject("Object Repository/Service NSW Object/button_Sydney South 2000_button button--pri_c5c898")): Object: 'Object Repository/Service NSW Object/button_Sydney South 2000_button button--pri_c5c898' is clicked on

2021-03-27 18:07:30 - [MESSAGE][PASSED] - Object: 'Object Repository/Service NSW Object/button_Sydney South 2000_button button--pri_c5c898' is clicked on

2021-03-27 18:07:30 - [TEST_STEP][PASSED] - click(findTestObject("Object Repository/Service NSW Object/button_Service Centres")): Object: 'Object Repository/Service NSW Object/button_Service Centres' is clicked on

2021-03-27 18:07:32 - [MESSAGE][PASSED] - Object: 'Object Repository/Service NSW Object/button_Service Centres' is clicked on

2021-03-27 18:07:32 - [TEST_STEP][PASSED] - scrollToElement(findTestObject("Service NSW Object/h2_Service NSW locations"), 0): Scroll to object 'Object Repository/Service NSW Object/h2_Service NSW locations' successfully

2021-03-27 18:07:32 - [MESSAGE][WARNING] - Timeout '0' is invalid. Using default page load timeout: '30'

2021-03-27 18:07:33 - [MESSAGE][PASSED] - Scroll to object 'Object Repository/Service NSW Object/h2_Service NSW locations' successfully]]></system-out>
         <system-err><![CDATA[]]></system-err>
      </testcase>
      <testcase name="Test Cases/TC002" time="79.899" classname="Test Cases/TC002" status="PASSED">
         <system-out><![CDATA[2021-03-27 18:07:33 - [TEST_CASE][PASSED] - Test Cases/TC002: Test Cases/TC002

2021-03-27 18:07:33 - [TEST_STEP][PASSED] - openBrowser(""): Browser is opened with url: ''

2021-03-27 18:07:33 - [MESSAGE][WARNING] - A browser is already opened. Closing browser and opening a new one

2021-03-27 18:07:34 - [MESSAGE][INFO] - Starting 'Chrome' driver

2021-03-27 18:07:34 - [MESSAGE][INFO] - Action delay is set to 0 milliseconds

2021-03-27 18:07:35 - [MESSAGE][PASSED] - Browser is opened with url: ''

2021-03-27 18:07:35 - [TEST_STEP][PASSED] - maximizeWindow(): Current window maximized

2021-03-27 18:07:35 - [MESSAGE][PASSED] - Current window maximized

2021-03-27 18:07:35 - [TEST_STEP][PASSED] - navigateToUrl("https://www.service.nsw.gov.au/"): Navigate to 'https://www.service.nsw.gov.au/' successfully

2021-03-27 18:08:13 - [MESSAGE][PASSED] - Navigate to 'https://www.service.nsw.gov.au/' successfully

2021-03-27 18:08:13 - [TEST_STEP][PASSED] - click(findTestObject("Service NSW Object/input_Service NSW makes it easier to find government information and services_q")): Object: 'Object Repository/Service NSW Object/input_Service NSW makes it easier to find government information and services_q' is clicked on

2021-03-27 18:08:16 - [MESSAGE][PASSED] - Object: 'Object Repository/Service NSW Object/input_Service NSW makes it easier to find government information and services_q' is clicked on

2021-03-27 18:08:16 - [TEST_STEP][PASSED] - setText(findTestObject("Service NSW Object/input_Service NSW makes it easier to find government information and services_q"), "Apply for a number plate"): Text 'Apply for a number plate' is set on object 'Object Repository/Service NSW Object/input_Service NSW makes it easier to find government information and services_q'

2021-03-27 18:08:17 - [MESSAGE][PASSED] - Text 'Apply for a number plate' is set on object 'Object Repository/Service NSW Object/input_Service NSW makes it easier to find government information and services_q'

2021-03-27 18:08:17 - [TEST_STEP][PASSED] - click(findTestObject("Service NSW Object/button_apply for a number plate_button button--primary")): Object: 'Object Repository/Service NSW Object/button_apply for a number plate_button button--primary' is clicked on

2021-03-27 18:08:36 - [MESSAGE][PASSED] - Object: 'Object Repository/Service NSW Object/button_apply for a number plate_button button--primary' is clicked on

2021-03-27 18:08:36 - [TEST_STEP][PASSED] - scrollToElement(findTestObject("Service NSW Object/div_87 results found"), 0): Scroll to object 'Object Repository/Service NSW Object/div_87 results found' successfully

2021-03-27 18:08:36 - [MESSAGE][WARNING] - Timeout '0' is invalid. Using default page load timeout: '30'

2021-03-27 18:08:36 - [MESSAGE][PASSED] - Scroll to object 'Object Repository/Service NSW Object/div_87 results found' successfully

2021-03-27 18:08:36 - [TEST_STEP][PASSED] - click(findTestObject("Service NSW Object/a_Apply for a number plate")): Object: 'Object Repository/Service NSW Object/a_Apply for a number plate' is clicked on

2021-03-27 18:08:42 - [MESSAGE][PASSED] - Object: 'Object Repository/Service NSW Object/a_Apply for a number plate' is clicked on

2021-03-27 18:08:42 - [TEST_STEP][PASSED] - click(findTestObject("Object Repository/Service NSW Object/a_Find locations")): Object: 'Object Repository/Service NSW Object/a_Find locations' is clicked on

2021-03-27 18:08:45 - [MESSAGE][PASSED] - Object: 'Object Repository/Service NSW Object/a_Find locations' is clicked on

2021-03-27 18:08:45 - [TEST_STEP][PASSED] - scrollToElement(findTestObject("Service NSW Object/div_search by suburb"), 0): Scroll to object 'Object Repository/Service NSW Object/div_search by suburb' successfully

2021-03-27 18:08:45 - [MESSAGE][WARNING] - Timeout '0' is invalid. Using default page load timeout: '30'

2021-03-27 18:08:49 - [MESSAGE][PASSED] - Scroll to object 'Object Repository/Service NSW Object/div_search by suburb' successfully

2021-03-27 18:08:49 - [TEST_STEP][PASSED] - setText(findTestObject("Object Repository/Service NSW Object/input_Search by suburb, postcode or current_d530bf"), suburb): Text 'Unsw Sydney 2052' is set on object 'Object Repository/Service NSW Object/input_Search by suburb, postcode or current_d530bf'

2021-03-27 18:08:49 - [MESSAGE][PASSED] - Text 'Unsw Sydney 2052' is set on object 'Object Repository/Service NSW Object/input_Search by suburb, postcode or current_d530bf'

2021-03-27 18:08:49 - [TEST_STEP][PASSED] - click(findTestObject("Object Repository/Service NSW Object/button_Sydney South 2000_button button--pri_c5c898")): Object: 'Object Repository/Service NSW Object/button_Sydney South 2000_button button--pri_c5c898' is clicked on

2021-03-27 18:08:50 - [MESSAGE][PASSED] - Object: 'Object Repository/Service NSW Object/button_Sydney South 2000_button button--pri_c5c898' is clicked on

2021-03-27 18:08:50 - [TEST_STEP][PASSED] - click(findTestObject("Object Repository/Service NSW Object/button_Service Centres")): Object: 'Object Repository/Service NSW Object/button_Service Centres' is clicked on

2021-03-27 18:08:52 - [MESSAGE][PASSED] - Object: 'Object Repository/Service NSW Object/button_Service Centres' is clicked on

2021-03-27 18:08:52 - [TEST_STEP][PASSED] - scrollToElement(findTestObject("Service NSW Object/h2_Service NSW locations"), 0): Scroll to object 'Object Repository/Service NSW Object/h2_Service NSW locations' successfully

2021-03-27 18:08:52 - [MESSAGE][WARNING] - Timeout '0' is invalid. Using default page load timeout: '30'

2021-03-27 18:08:53 - [MESSAGE][PASSED] - Scroll to object 'Object Repository/Service NSW Object/h2_Service NSW locations' successfully]]></system-out>
         <system-err><![CDATA[]]></system-err>
      </testcase>
      <testcase name="Test Cases/TC002" time="26.367" classname="Test Cases/TC002" status="PASSED">
         <system-out><![CDATA[2021-03-27 18:08:53 - [TEST_CASE][PASSED] - Test Cases/TC002: Test Cases/TC002

2021-03-27 18:08:53 - [TEST_STEP][PASSED] - openBrowser(""): Browser is opened with url: ''

2021-03-27 18:08:53 - [MESSAGE][WARNING] - A browser is already opened. Closing browser and opening a new one

2021-03-27 18:08:54 - [MESSAGE][INFO] - Starting 'Chrome' driver

2021-03-27 18:08:54 - [MESSAGE][INFO] - Action delay is set to 0 milliseconds

2021-03-27 18:08:55 - [MESSAGE][PASSED] - Browser is opened with url: ''

2021-03-27 18:08:55 - [TEST_STEP][PASSED] - maximizeWindow(): Current window maximized

2021-03-27 18:08:55 - [MESSAGE][PASSED] - Current window maximized

2021-03-27 18:08:55 - [TEST_STEP][PASSED] - navigateToUrl("https://www.service.nsw.gov.au/"): Navigate to 'https://www.service.nsw.gov.au/' successfully

2021-03-27 18:09:00 - [MESSAGE][PASSED] - Navigate to 'https://www.service.nsw.gov.au/' successfully

2021-03-27 18:09:00 - [TEST_STEP][PASSED] - click(findTestObject("Service NSW Object/input_Service NSW makes it easier to find government information and services_q")): Object: 'Object Repository/Service NSW Object/input_Service NSW makes it easier to find government information and services_q' is clicked on

2021-03-27 18:09:01 - [MESSAGE][PASSED] - Object: 'Object Repository/Service NSW Object/input_Service NSW makes it easier to find government information and services_q' is clicked on

2021-03-27 18:09:01 - [TEST_STEP][PASSED] - setText(findTestObject("Service NSW Object/input_Service NSW makes it easier to find government information and services_q"), "Apply for a number plate"): Text 'Apply for a number plate' is set on object 'Object Repository/Service NSW Object/input_Service NSW makes it easier to find government information and services_q'

2021-03-27 18:09:03 - [MESSAGE][PASSED] - Text 'Apply for a number plate' is set on object 'Object Repository/Service NSW Object/input_Service NSW makes it easier to find government information and services_q'

2021-03-27 18:09:03 - [TEST_STEP][PASSED] - click(findTestObject("Service NSW Object/button_apply for a number plate_button button--primary")): Object: 'Object Repository/Service NSW Object/button_apply for a number plate_button button--primary' is clicked on

2021-03-27 18:09:07 - [MESSAGE][PASSED] - Object: 'Object Repository/Service NSW Object/button_apply for a number plate_button button--primary' is clicked on

2021-03-27 18:09:07 - [TEST_STEP][PASSED] - scrollToElement(findTestObject("Service NSW Object/div_87 results found"), 0): Scroll to object 'Object Repository/Service NSW Object/div_87 results found' successfully

2021-03-27 18:09:07 - [MESSAGE][WARNING] - Timeout '0' is invalid. Using default page load timeout: '30'

2021-03-27 18:09:07 - [MESSAGE][PASSED] - Scroll to object 'Object Repository/Service NSW Object/div_87 results found' successfully

2021-03-27 18:09:07 - [TEST_STEP][PASSED] - click(findTestObject("Service NSW Object/a_Apply for a number plate")): Object: 'Object Repository/Service NSW Object/a_Apply for a number plate' is clicked on

2021-03-27 18:09:11 - [MESSAGE][PASSED] - Object: 'Object Repository/Service NSW Object/a_Apply for a number plate' is clicked on

2021-03-27 18:09:11 - [TEST_STEP][PASSED] - click(findTestObject("Object Repository/Service NSW Object/a_Find locations")): Object: 'Object Repository/Service NSW Object/a_Find locations' is clicked on

2021-03-27 18:09:12 - [MESSAGE][PASSED] - Object: 'Object Repository/Service NSW Object/a_Find locations' is clicked on

2021-03-27 18:09:12 - [TEST_STEP][PASSED] - scrollToElement(findTestObject("Service NSW Object/div_search by suburb"), 0): Scroll to object 'Object Repository/Service NSW Object/div_search by suburb' successfully

2021-03-27 18:09:13 - [MESSAGE][WARNING] - Timeout '0' is invalid. Using default page load timeout: '30'

2021-03-27 18:09:15 - [MESSAGE][PASSED] - Scroll to object 'Object Repository/Service NSW Object/div_search by suburb' successfully

2021-03-27 18:09:15 - [TEST_STEP][PASSED] - setText(findTestObject("Object Repository/Service NSW Object/input_Search by suburb, postcode or current_d530bf"), suburb): Text 'North Sydney 2060' is set on object 'Object Repository/Service NSW Object/input_Search by suburb, postcode or current_d530bf'

2021-03-27 18:09:16 - [MESSAGE][PASSED] - Text 'North Sydney 2060' is set on object 'Object Repository/Service NSW Object/input_Search by suburb, postcode or current_d530bf'

2021-03-27 18:09:16 - [TEST_STEP][PASSED] - click(findTestObject("Object Repository/Service NSW Object/button_Sydney South 2000_button button--pri_c5c898")): Object: 'Object Repository/Service NSW Object/button_Sydney South 2000_button button--pri_c5c898' is clicked on

2021-03-27 18:09:16 - [MESSAGE][PASSED] - Object: 'Object Repository/Service NSW Object/button_Sydney South 2000_button button--pri_c5c898' is clicked on

2021-03-27 18:09:16 - [TEST_STEP][PASSED] - click(findTestObject("Object Repository/Service NSW Object/button_Service Centres")): Object: 'Object Repository/Service NSW Object/button_Service Centres' is clicked on

2021-03-27 18:09:19 - [MESSAGE][PASSED] - Object: 'Object Repository/Service NSW Object/button_Service Centres' is clicked on

2021-03-27 18:09:19 - [TEST_STEP][PASSED] - scrollToElement(findTestObject("Service NSW Object/h2_Service NSW locations"), 0): Scroll to object 'Object Repository/Service NSW Object/h2_Service NSW locations' successfully

2021-03-27 18:09:19 - [MESSAGE][WARNING] - Timeout '0' is invalid. Using default page load timeout: '30'

2021-03-27 18:09:19 - [MESSAGE][PASSED] - Scroll to object 'Object Repository/Service NSW Object/h2_Service NSW locations' successfully]]></system-out>
         <system-err><![CDATA[]]></system-err>
      </testcase>
      <testcase name="Test Cases/TC002" time="32.409" classname="Test Cases/TC002" status="PASSED">
         <system-out><![CDATA[2021-03-27 18:09:19 - [TEST_CASE][PASSED] - Test Cases/TC002: Test Cases/TC002

2021-03-27 18:09:19 - [TEST_STEP][PASSED] - openBrowser(""): Browser is opened with url: ''

2021-03-27 18:09:19 - [MESSAGE][WARNING] - A browser is already opened. Closing browser and opening a new one

2021-03-27 18:09:20 - [MESSAGE][INFO] - Starting 'Chrome' driver

2021-03-27 18:09:20 - [MESSAGE][INFO] - Action delay is set to 0 milliseconds

2021-03-27 18:09:22 - [MESSAGE][PASSED] - Browser is opened with url: ''

2021-03-27 18:09:22 - [TEST_STEP][PASSED] - maximizeWindow(): Current window maximized

2021-03-27 18:09:22 - [MESSAGE][PASSED] - Current window maximized

2021-03-27 18:09:22 - [TEST_STEP][PASSED] - navigateToUrl("https://www.service.nsw.gov.au/"): Navigate to 'https://www.service.nsw.gov.au/' successfully

2021-03-27 18:09:25 - [MESSAGE][PASSED] - Navigate to 'https://www.service.nsw.gov.au/' successfully

2021-03-27 18:09:25 - [TEST_STEP][PASSED] - click(findTestObject("Service NSW Object/input_Service NSW makes it easier to find government information and services_q")): Object: 'Object Repository/Service NSW Object/input_Service NSW makes it easier to find government information and services_q' is clicked on

2021-03-27 18:09:26 - [MESSAGE][PASSED] - Object: 'Object Repository/Service NSW Object/input_Service NSW makes it easier to find government information and services_q' is clicked on

2021-03-27 18:09:26 - [TEST_STEP][PASSED] - setText(findTestObject("Service NSW Object/input_Service NSW makes it easier to find government information and services_q"), "Apply for a number plate"): Text 'Apply for a number plate' is set on object 'Object Repository/Service NSW Object/input_Service NSW makes it easier to find government information and services_q'

2021-03-27 18:09:28 - [MESSAGE][PASSED] - Text 'Apply for a number plate' is set on object 'Object Repository/Service NSW Object/input_Service NSW makes it easier to find government information and services_q'

2021-03-27 18:09:28 - [TEST_STEP][PASSED] - click(findTestObject("Service NSW Object/button_apply for a number plate_button button--primary")): Object: 'Object Repository/Service NSW Object/button_apply for a number plate_button button--primary' is clicked on

2021-03-27 18:09:35 - [MESSAGE][PASSED] - Object: 'Object Repository/Service NSW Object/button_apply for a number plate_button button--primary' is clicked on

2021-03-27 18:09:35 - [TEST_STEP][PASSED] - scrollToElement(findTestObject("Service NSW Object/div_87 results found"), 0): Scroll to object 'Object Repository/Service NSW Object/div_87 results found' successfully

2021-03-27 18:09:35 - [MESSAGE][WARNING] - Timeout '0' is invalid. Using default page load timeout: '30'

2021-03-27 18:09:35 - [MESSAGE][PASSED] - Scroll to object 'Object Repository/Service NSW Object/div_87 results found' successfully

2021-03-27 18:09:35 - [TEST_STEP][PASSED] - click(findTestObject("Service NSW Object/a_Apply for a number plate")): Object: 'Object Repository/Service NSW Object/a_Apply for a number plate' is clicked on

2021-03-27 18:09:43 - [MESSAGE][PASSED] - Object: 'Object Repository/Service NSW Object/a_Apply for a number plate' is clicked on

2021-03-27 18:09:43 - [TEST_STEP][PASSED] - click(findTestObject("Object Repository/Service NSW Object/a_Find locations")): Object: 'Object Repository/Service NSW Object/a_Find locations' is clicked on

2021-03-27 18:09:45 - [MESSAGE][PASSED] - Object: 'Object Repository/Service NSW Object/a_Find locations' is clicked on

2021-03-27 18:09:45 - [TEST_STEP][PASSED] - scrollToElement(findTestObject("Service NSW Object/div_search by suburb"), 0): Scroll to object 'Object Repository/Service NSW Object/div_search by suburb' successfully

2021-03-27 18:09:45 - [MESSAGE][WARNING] - Timeout '0' is invalid. Using default page load timeout: '30'

2021-03-27 18:09:48 - [MESSAGE][PASSED] - Scroll to object 'Object Repository/Service NSW Object/div_search by suburb' successfully

2021-03-27 18:09:48 - [TEST_STEP][PASSED] - setText(findTestObject("Object Repository/Service NSW Object/input_Search by suburb, postcode or current_d530bf"), suburb): Text 'The University Of Sydney 2006' is set on object 'Object Repository/Service NSW Object/input_Search by suburb, postcode or current_d530bf'

2021-03-27 18:09:49 - [MESSAGE][PASSED] - Text 'The University Of Sydney 2006' is set on object 'Object Repository/Service NSW Object/input_Search by suburb, postcode or current_d530bf'

2021-03-27 18:09:49 - [TEST_STEP][PASSED] - click(findTestObject("Object Repository/Service NSW Object/button_Sydney South 2000_button button--pri_c5c898")): Object: 'Object Repository/Service NSW Object/button_Sydney South 2000_button button--pri_c5c898' is clicked on

2021-03-27 18:09:50 - [MESSAGE][PASSED] - Object: 'Object Repository/Service NSW Object/button_Sydney South 2000_button button--pri_c5c898' is clicked on

2021-03-27 18:09:50 - [TEST_STEP][PASSED] - click(findTestObject("Object Repository/Service NSW Object/button_Service Centres")): Object: 'Object Repository/Service NSW Object/button_Service Centres' is clicked on

2021-03-27 18:09:51 - [MESSAGE][PASSED] - Object: 'Object Repository/Service NSW Object/button_Service Centres' is clicked on

2021-03-27 18:09:51 - [TEST_STEP][PASSED] - scrollToElement(findTestObject("Service NSW Object/h2_Service NSW locations"), 0): Scroll to object 'Object Repository/Service NSW Object/h2_Service NSW locations' successfully

2021-03-27 18:09:51 - [MESSAGE][WARNING] - Timeout '0' is invalid. Using default page load timeout: '30'

2021-03-27 18:09:52 - [MESSAGE][PASSED] - Scroll to object 'Object Repository/Service NSW Object/h2_Service NSW locations' successfully]]></system-out>
         <system-err><![CDATA[]]></system-err>
      </testcase>
      <system-out><![CDATA[2021-03-27 18:00:26 - [TEST_SUITE][PASSED] - TS001: Test Cases/TC002]]></system-out>
      <system-err><![CDATA[]]></system-err>
   </testsuite>
</testsuites>
